[13-Oct-2016 11:06:16] PHP Fatal error:  require(): Failed opening required '../../CPANEL NOVO/pages/conn.php' (include_path='.:/usr/share/php:/usr/share/pear') in /srv/www/pro-reitorias/estagios/siges/public_html/CpanelProfessor/index.php on line 145
[13-Oct-2016 11:06:31] PHP Fatal error:  require(): Failed opening required 'conn.php' (include_path='.:/usr/share/php:/usr/share/pear') in /srv/www/pro-reitorias/estagios/siges/public_html/CpanelProfessor/index.php on line 145
[13-Oct-2016 11:07:04] PHP Fatal error:  require(): Failed opening required '../../conn.php' (include_path='.:/usr/share/php:/usr/share/pear') in /srv/www/pro-reitorias/estagios/siges/public_html/CpanelProfessor/index.php on line 145
[13-Oct-2016 11:28:23] PHP Fatal error:  require(): Failed opening required 'conn.php' (include_path='.:/usr/share/php:/usr/share/pear') in /srv/www/pro-reitorias/estagios/siges/public_html/CpanelProfessor/declaracao.php on line 3
[13-Oct-2016 11:29:47] PHP Parse error:  syntax error, unexpected T_CONSTANT_ENCAPSED_STRING, expecting ',' or ';' in /srv/www/pro-reitorias/estagios/siges/public_html/CpanelProfessor/declaracao.php on line 6
[13-Oct-2016 11:34:02] PHP Fatal error:  require(): Failed opening required 'fpdf/fpdf.php' (include_path='.:/usr/share/php:/usr/share/pear') in /srv/www/pro-reitorias/estagios/siges/public_html/CpanelProfessor/declaracao.php on line 34
[13-Oct-2016 13:39:45] PHP Fatal error:  Class 'FPDF' not found in /srv/www/pro-reitorias/estagios/siges/public_html/CpanelProfessor/pdf.php on line 12
[13-Oct-2016 13:40:09] PHP Fatal error:  Class 'FPDF' not found in /srv/www/pro-reitorias/estagios/siges/public_html/CpanelProfessor/pdf.php on line 12
[13-Oct-2016 13:41:01] PHP Fatal error:  Uncaught exception 'Exception' with message 'FPDF error: Can't open image file: logo4.png' in /srv/www/pro-reitorias/estagios/siges/public_html/CpanelProfessor/fpdf/fpdf.php:271
Stack trace:
#0 /srv/www/pro-reitorias/estagios/siges/public_html/CpanelProfessor/fpdf/fpdf.php(1261): FPDF->Error('Can't open imag...')
#1 /srv/www/pro-reitorias/estagios/siges/public_html/CpanelProfessor/fpdf/fpdf.php(885): FPDF->_parsepng('logo4.png')
#2 /srv/www/pro-reitorias/estagios/siges/public_html/CpanelProfessor/pdf.php(18): FPDF->Image('logo4.png', 25, 25, -200, 50)
#3 {main}
  thrown in /srv/www/pro-reitorias/estagios/siges/public_html/CpanelProfessor/fpdf/fpdf.php on line 271
[13-Oct-2016 13:50:04] PHP Parse error:  syntax error, unexpected ';' in /srv/www/pro-reitorias/estagios/siges/public_html/CpanelProfessor/pdf.php on line 55
[13-Oct-2016 14:34:51] PHP Fatal error:  require_once(): Failed opening required 'Spreadsheet/Excel/Reader/OLERead.php' (include_path='.:/usr/share/php:/usr/share/pear') in /srv/www/pro-reitorias/estagios/siges/public_html/CpanelProfessor/Excel/reader.php on line 31
[13-Oct-2016 14:35:18] PHP Fatal error:  require_once(): Failed opening required 'Spreadsheet/Excel/Reader/OLERead.php' (include_path='.:/usr/share/php:/usr/share/pear') in /srv/www/pro-reitorias/estagios/siges/public_html/CpanelProfessor/Excel/reader.php on line 31
[13-Oct-2016 14:35:31] PHP Fatal error:  require_once(): Failed opening required 'Spreadsheet/Excel/Reader/OLERead.php' (include_path='.:/usr/share/php:/usr/share/pear') in /srv/www/pro-reitorias/estagios/siges/public_html/CpanelProfessor/Excel/reader.php on line 31
[13-Oct-2016 14:51:34] PHP Parse error:  syntax error, unexpected T_STRING in /srv/www/pro-reitorias/estagios/siges/public_html/CpanelProfessor/index.php on line 3
[13-Oct-2016 14:51:52] PHP Parse error:  syntax error, unexpected T_VARIABLE in /srv/www/pro-reitorias/estagios/siges/public_html/CpanelProfessor/index.php on line 4
[13-Oct-2016 14:52:06] PHP Parse error:  syntax error, unexpected T_VARIABLE in /srv/www/pro-reitorias/estagios/siges/public_html/CpanelProfessor/index.php on line 4
[13-Oct-2016 14:52:33] PHP Parse error:  syntax error, unexpected T_VARIABLE in /srv/www/pro-reitorias/estagios/siges/public_html/CpanelProfessor/index.php on line 4
[13-Oct-2016 15:14:32] PHP Parse error:  syntax error, unexpected T_ECHO in /srv/www/pro-reitorias/estagios/siges/public_html/CpanelProfessor/index.php on line 14
[13-Oct-2016 15:14:44] PHP Parse error:  syntax error, unexpected T_ECHO in /srv/www/pro-reitorias/estagios/siges/public_html/CpanelProfessor/index.php on line 14
[13-Oct-2016 15:15:53] PHP Parse error:  syntax error, unexpected T_ECHO in /srv/www/pro-reitorias/estagios/siges/public_html/CpanelProfessor/index.php on line 14
[13-Oct-2016 15:16:08] PHP Parse error:  syntax error, unexpected T_ECHO in /srv/www/pro-reitorias/estagios/siges/public_html/CpanelProfessor/index.php on line 14
[13-Oct-2016 15:36:39] PHP Parse error:  syntax error, unexpected '"' in /srv/www/pro-reitorias/estagios/siges/public_html/CpanelProfessor/index.php on line 13
[13-Oct-2016 15:49:10] PHP Fatal error:  require(): Failed opening required '../../../conn.php' (include_path='.:/usr/share/php:/usr/share/pear') in /srv/www/pro-reitorias/estagios/siges/public_html/CpanelProfessor/upload.php on line 2
[12-Sep-2017 15:42:41] PHP Parse error:  syntax error, unexpected '[', expecting ')' in /srv/www/pro-reitorias/estagios/siges/public_html/CpanelProfessor/declaracao.php on line 10
